
Total: connections 250 requests 4221 replies 4221 test-duration 328.369 s
Number of connected connections is currently = 0

Connection rate: 0.8 conn/s (1313.5 ms/conn, <=250 concurrent connections)
Connected connection rate: 0.8 conn/s (1313.5 ms/conn, <=250 concurrent connected connections)
Connection time [ms]: min 30008.2 avg 128874.6 max 320117.2 median 99999.5 stddev 101107.8
Connection time [ms]: connect 0.0
Connection length [replies/conn]: 16.884

Response time (no timeouts) [ms]: 0.0
Response time (only timeouts) [ms]: 0.0
Response time (all) [ms]: 128874.6
Request rate: 12.9 req/s (77.8 ms/req)
Request size [B]: 144.0

Overall reply rate: 12.9 replies/sec
Reply rate [replies/s]: min 4.0 avg 12.9 max 120.0 stddev 17.7 (65 samples)
Throughput [Mbps]: min 97.96 avg 307.80 max 2952.96 stddev 431.16 (65 samples)
Reply time [ms]: response 0.1 transfer 1.4
Reply size [B]: header 285.0 content 3117159.0 footer 0.0 (total 3117444.0)
Reply status: 1xx=0 2xx=4221 3xx=0 4xx=0 5xx=0

CPU time [s]: user 0.72 system 9.12 (user 0.2% system 2.8% total 3.0%)
Net I/O: 39135.7 KB/s (320.6*10^6 bps)

Errors: total 0 client-timo 0 socket-timo 0 connrefused 0 connreset 0
Errors: fd-unavail 0 addrunavail 0 ftab-full 0 addrinuse 0 other 0
Unconnected timeouts 0 connected timeouts 0 total (0) client_timeouts 0


Session rate [sess/s]: min 0.00 avg 0.76 max 6.20 stddev 1.82 (250/250)
Session: avg 1.00 connections/session
Session lifetime [s]: 128.9
Session failtime [s]: 0.0
Session length histogram: 0 0 0 0 0 0 0 52 0 0 48 0 0 0 0 52 0 49 0 0 0 0 0 0 0 0 0 0 0 0 0 0 0 0 0 0 49
