# random seed = 40
# Zipf exponent = -0.8000
# number of videos in library = 10
# number of sessions = 5 (1 x 5)
# seconds of video per client request = 10.00 s
# size of client requests = 1.25 MB
# file bit rate = 1.049 Mbps
# timeout for request delivery = 10.00 s
# number of unpaced requests at session start = 3
# total number of unique videos = 4
# total size of library = 355 MB
# total size of viewed videos = 108 MB
# percentage of single-request videos = 75.0 %
# average views per video = 1.2
# average duration of videos = 215.5 s
# average size of videos = 35.6 MB
# maximum session time = 357 s
# maximum number of client requests in session = 36
# total number of client requests = 85
# average duration of session = 164.7 s
# average size of session = 21.2 MB
# average client requests per session = 17.000
# number of chunks in log file = 85
# average chunks per session in log file = 17.00
/full-360p-00007.mp4 timeout=10 headers='Range: bytes=0-1310719'
/full-360p-00007.mp4 timeout=10 headers='Range: bytes=1310720-2621439'
/full-360p-00007.mp4 timeout=10 headers='Range: bytes=2621440-3932159'
/full-360p-00007.mp4 pace_time=10 timeout=10 headers='Range: bytes=3932160-5242879'
/full-360p-00007.mp4 pace_time=10 timeout=10 headers='Range: bytes=5242880-6553599'
/full-360p-00007.mp4 pace_time=10 timeout=10 headers='Range: bytes=6553600-7864319'
/full-360p-00007.mp4 pace_time=10 timeout=10 headers='Range: bytes=7864320-9175039'
/full-360p-00007.mp4 pace_time=10 timeout=10 headers='Range: bytes=9175040-10485759'
/full-360p-00007.mp4 pace_time=10 timeout=10 headers='Range: bytes=10485760-11796479'
/full-360p-00007.mp4 pace_time=10 timeout=10 headers='Range: bytes=11796480-12491569'

/full-360p-00004.mp4 timeout=10 headers='Range: bytes=0-1310719'
/full-360p-00004.mp4 timeout=10 headers='Range: bytes=1310720-2621439'
/full-360p-00004.mp4 timeout=10 headers='Range: bytes=2621440-3932159'
/full-360p-00004.mp4 pace_time=10 timeout=10 headers='Range: bytes=3932160-5242879'
/full-360p-00004.mp4 pace_time=10 timeout=10 headers='Range: bytes=5242880-6553599'
/full-360p-00004.mp4 pace_time=10 timeout=10 headers='Range: bytes=6553600-7864319'
/full-360p-00004.mp4 pace_time=10 timeout=10 headers='Range: bytes=7864320-8052952'

/full-360p-00004.mp4 timeout=10 headers='Range: bytes=0-1310719'
/full-360p-00004.mp4 timeout=10 headers='Range: bytes=1310720-2621439'
/full-360p-00004.mp4 timeout=10 headers='Range: bytes=2621440-3932159'
/full-360p-00004.mp4 pace_time=10 timeout=10 headers='Range: bytes=3932160-5242879'
/full-360p-00004.mp4 pace_time=10 timeout=10 headers='Range: bytes=5242880-6553599'
/full-360p-00004.mp4 pace_time=10 timeout=10 headers='Range: bytes=6553600-7864319'
/full-360p-00004.mp4 pace_time=10 timeout=10 headers='Range: bytes=7864320-9175039'
/full-360p-00004.mp4 pace_time=10 timeout=10 headers='Range: bytes=9175040-10485759'
/full-360p-00004.mp4 pace_time=10 timeout=10 headers='Range: bytes=10485760-11796479'
/full-360p-00004.mp4 pace_time=10 timeout=10 headers='Range: bytes=11796480-13107199'
/full-360p-00004.mp4 pace_time=10 timeout=10 headers='Range: bytes=13107200-14417919'
/full-360p-00004.mp4 pace_time=10 timeout=10 headers='Range: bytes=14417920-15728639'
/full-360p-00004.mp4 pace_time=10 timeout=10 headers='Range: bytes=15728640-17039359'
/full-360p-00004.mp4 pace_time=10 timeout=10 headers='Range: bytes=17039360-18350079'
/full-360p-00004.mp4 pace_time=10 timeout=10 headers='Range: bytes=18350080-18867774'

/full-360p-00001.mp4 timeout=10 headers='Range: bytes=0-1310719'
/full-360p-00001.mp4 timeout=10 headers='Range: bytes=1310720-2621439'
/full-360p-00001.mp4 timeout=10 headers='Range: bytes=2621440-3932159'
/full-360p-00001.mp4 pace_time=10 timeout=10 headers='Range: bytes=3932160-5242879'
/full-360p-00001.mp4 pace_time=10 timeout=10 headers='Range: bytes=5242880-6553599'
/full-360p-00001.mp4 pace_time=10 timeout=10 headers='Range: bytes=6553600-7864319'
/full-360p-00001.mp4 pace_time=10 timeout=10 headers='Range: bytes=7864320-9175039'
/full-360p-00001.mp4 pace_time=10 timeout=10 headers='Range: bytes=9175040-10485759'
/full-360p-00001.mp4 pace_time=10 timeout=10 headers='Range: bytes=10485760-11796479'
/full-360p-00001.mp4 pace_time=10 timeout=10 headers='Range: bytes=11796480-13107199'
/full-360p-00001.mp4 pace_time=10 timeout=10 headers='Range: bytes=13107200-14417919'
/full-360p-00001.mp4 pace_time=10 timeout=10 headers='Range: bytes=14417920-15728639'
/full-360p-00001.mp4 pace_time=10 timeout=10 headers='Range: bytes=15728640-17039359'
/full-360p-00001.mp4 pace_time=10 timeout=10 headers='Range: bytes=17039360-18350079'
/full-360p-00001.mp4 pace_time=10 timeout=10 headers='Range: bytes=18350080-19660799'
/full-360p-00001.mp4 pace_time=10 timeout=10 headers='Range: bytes=19660800-20971519'
/full-360p-00001.mp4 pace_time=10 timeout=10 headers='Range: bytes=20971520-21723714'

/full-360p-00003.mp4 timeout=10 headers='Range: bytes=0-1310719'
/full-360p-00003.mp4 timeout=10 headers='Range: bytes=1310720-2621439'
/full-360p-00003.mp4 timeout=10 headers='Range: bytes=2621440-3932159'
/full-360p-00003.mp4 pace_time=10 timeout=10 headers='Range: bytes=3932160-5242879'
/full-360p-00003.mp4 pace_time=10 timeout=10 headers='Range: bytes=5242880-6553599'
/full-360p-00003.mp4 pace_time=10 timeout=10 headers='Range: bytes=6553600-7864319'
/full-360p-00003.mp4 pace_time=10 timeout=10 headers='Range: bytes=7864320-9175039'
/full-360p-00003.mp4 pace_time=10 timeout=10 headers='Range: bytes=9175040-10485759'
/full-360p-00003.mp4 pace_time=10 timeout=10 headers='Range: bytes=10485760-11796479'
/full-360p-00003.mp4 pace_time=10 timeout=10 headers='Range: bytes=11796480-13107199'
/full-360p-00003.mp4 pace_time=10 timeout=10 headers='Range: bytes=13107200-14417919'
/full-360p-00003.mp4 pace_time=10 timeout=10 headers='Range: bytes=14417920-15728639'
/full-360p-00003.mp4 pace_time=10 timeout=10 headers='Range: bytes=15728640-17039359'
/full-360p-00003.mp4 pace_time=10 timeout=10 headers='Range: bytes=17039360-18350079'
/full-360p-00003.mp4 pace_time=10 timeout=10 headers='Range: bytes=18350080-19660799'
/full-360p-00003.mp4 pace_time=10 timeout=10 headers='Range: bytes=19660800-20971519'
/full-360p-00003.mp4 pace_time=10 timeout=10 headers='Range: bytes=20971520-22282239'
/full-360p-00003.mp4 pace_time=10 timeout=10 headers='Range: bytes=22282240-23592959'
/full-360p-00003.mp4 pace_time=10 timeout=10 headers='Range: bytes=23592960-24903679'
/full-360p-00003.mp4 pace_time=10 timeout=10 headers='Range: bytes=24903680-26214399'
/full-360p-00003.mp4 pace_time=10 timeout=10 headers='Range: bytes=26214400-27525119'
/full-360p-00003.mp4 pace_time=10 timeout=10 headers='Range: bytes=27525120-28835839'
/full-360p-00003.mp4 pace_time=10 timeout=10 headers='Range: bytes=28835840-30146559'
/full-360p-00003.mp4 pace_time=10 timeout=10 headers='Range: bytes=30146560-31457279'
/full-360p-00003.mp4 pace_time=10 timeout=10 headers='Range: bytes=31457280-32767999'
/full-360p-00003.mp4 pace_time=10 timeout=10 headers='Range: bytes=32768000-34078719'
/full-360p-00003.mp4 pace_time=10 timeout=10 headers='Range: bytes=34078720-35389439'
/full-360p-00003.mp4 pace_time=10 timeout=10 headers='Range: bytes=35389440-36700159'
/full-360p-00003.mp4 pace_time=10 timeout=10 headers='Range: bytes=36700160-38010879'
/full-360p-00003.mp4 pace_time=10 timeout=10 headers='Range: bytes=38010880-39321599'
/full-360p-00003.mp4 pace_time=10 timeout=10 headers='Range: bytes=39321600-40632319'
/full-360p-00003.mp4 pace_time=10 timeout=10 headers='Range: bytes=40632320-41943039'
/full-360p-00003.mp4 pace_time=10 timeout=10 headers='Range: bytes=41943040-43253759'
/full-360p-00003.mp4 pace_time=10 timeout=10 headers='Range: bytes=43253760-44564479'
/full-360p-00003.mp4 pace_time=10 timeout=10 headers='Range: bytes=44564480-45875199'
/full-360p-00003.mp4 pace_time=10 timeout=10 headers='Range: bytes=45875200-46794875'

